<?xml version="1.0" encoding="UTF-8"?>
<!-- Generated by org.testng.reporters.JUnitXMLReporter -->
<testsuite hostname="Kanchans-MacBook-Pro.local" ignored="0" name="RyanairAutomationSuite" tests="7" failures="1" timestamp="2020-06-18T00:27:31 IST" time="15.604" errors="0">
  <testcase name="validateHomePageIsLoaded" time="0.049" classname="com.ryanair.tests.HomePageTest"/>
  <testcase name="validatePageTitle" time="0.013" classname="com.ryanair.tests.HomePageTest"/>
  <testcase name="searchFlights" time="2.23" classname="com.ryanair.tests.HomePageTest"/>
  <testcase name="navigateToFlights" time="2.679" classname="com.ryanair.tests.HomePageTest"/>
  <testcase name="validateFlightDetails" time="2.236" classname="com.ryanair.tests.HomePageTest">
    <failure type="java.lang.AssertionError" message="expected [07 Ju] but found [07 Jul]">
      <![CDATA[java.lang.AssertionError: expected [07 Ju] but found [07 Jul]
at com.ryanair.tests.HomePageTest.validateFlightDetails(HomePageTest.java:59)
at java.util.ArrayList.forEach(ArrayList.java:1257)
at com.intellij.rt.testng.IDEARemoteTestNG.run(IDEARemoteTestNG.java:66)
at com.intellij.rt.testng.RemoteTestNGStarter.main(RemoteTestNGStarter.java:110)
... Removed 29 stack frames]]>
    </failure>
  </testcase> <!-- validateFlightDetails -->
  <testcase name="selectRegularFlights" time="1.416" classname="com.ryanair.tests.HomePageTest"/>
  <testcase name="validatePassengersSectionIsDisabled" time="0.0" classname="com.ryanair.tests.HomePageTest"/>
</testsuite> <!-- RyanairAutomationSuite -->
