<?xml version="1.0" encoding="UTF-8"?>
<!-- Generated by org.testng.reporters.JUnitXMLReporter -->
<testsuite hostname="Kanchans-MacBook-Pro.local" ignored="1" name="FlightsBooking" tests="5" failures="1" timestamp="2020-06-19T09:47:51 IST" time="21.039" errors="0">
  <testcase name="validateHomePageIsLoaded" time="0.029" classname="com.ryanair.tests.FlightsBookingTest"/>
  <testcase name="validateHomePageTitle" time="0.02" classname="com.ryanair.tests.FlightsBookingTest"/>
  <testcase name="searchFlights" time="3.119" classname="com.ryanair.tests.FlightsBookingTest"/>
  <testcase name="navigateToFlights" time="1.999" classname="com.ryanair.tests.FlightsBookingTest"/>
  <testcase name="validateFlightDetails" time="10.072" classname="com.ryanair.tests.FlightsBookingTest">
    <failure type="org.openqa.selenium.NoSuchElementException" message="no such element: Unable to locate element: {&amp;quot;method&amp;quot;:&amp;quot;xpath&amp;quot;,&amp;quot;selector&amp;quot;:&amp;quot;//div[contains(@class, &amp;apos;details__header&amp;apos;)]/h4[1]&amp;quot;}
  (Session info: headless chrome=83.0.4103.61)
For documentation on this error, please visit: https://www.seleniumhq.org/exceptions/no_such_element.html
Build info: version: &amp;apos;3.141.59&amp;apos;, revision: &amp;apos;e82be7d358&amp;apos;, time: &amp;apos;2018-11-14T08:17:03&amp;apos;
System info: host: &amp;apos;Kanchans-MacBook-Pro.local&amp;apos;, ip: &amp;apos;2a02:8085:7160:780:c80c:411c:daf6:f44%en0&amp;apos;, os.name: &amp;apos;Mac OS X&amp;apos;, os.arch: &amp;apos;x86_64&amp;apos;, os.version: &amp;apos;10.14.1&amp;apos;, java.version: &amp;apos;1.8.0_231&amp;apos;
Driver info: org.openqa.selenium.remote.RemoteWebDriver
Capabilities {acceptInsecureCerts: false, browserName: chrome, browserVersion: 83.0.4103.61, chrome: {chromedriverVersion: 83.0.4103.39 (ccbf011cb2d2b..., userDataDir: /tmp/.com.google.Chrome.jl1hV0}, goog:chromeOptions: {debuggerAddress: localhost:36797}, javascriptEnabled: true, networkConnectionEnabled: false, pageLoadStrategy: normal, platform: LINUX, platformName: LINUX, proxy: Proxy(), setWindowRect: true, strictFileInteractability: false, timeouts: {implicit: 0, pageLoad: 300000, script: 30000}, unhandledPromptBehavior: dismiss and notify, webauthn:virtualAuthenticators: true, webdriver.remote.sessionid: 2013e8ebd1de923f4080ff805fd...}
Session ID: 2013e8ebd1de923f4080ff805fdbb413
*** Element info: {Using=xpath, value=//div[contains(@class, &amp;apos;details__header&amp;apos;)]/h4[1]}">
      <![CDATA[org.openqa.selenium.NoSuchElementException: no such element: Unable to locate element: {"method":"xpath","selector":"//div[contains(@class, 'details__header')]/h4[1]"}
  (Session info: headless chrome=83.0.4103.61)
For documentation on this error, please visit: https://www.seleniumhq.org/exceptions/no_such_element.html
Build info: version: '3.141.59', revision: 'e82be7d358', time: '2018-11-14T08:17:03'
System info: host: 'Kanchans-MacBook-Pro.local', ip: '2a02:8085:7160:780:c80c:411c:daf6:f44%en0', os.name: 'Mac OS X', os.arch: 'x86_64', os.version: '10.14.1', java.version: '1.8.0_231'
Driver info: org.openqa.selenium.remote.RemoteWebDriver
Capabilities {acceptInsecureCerts: false, browserName: chrome, browserVersion: 83.0.4103.61, chrome: {chromedriverVersion: 83.0.4103.39 (ccbf011cb2d2b..., userDataDir: /tmp/.com.google.Chrome.jl1hV0}, goog:chromeOptions: {debuggerAddress: localhost:36797}, javascriptEnabled: true, networkConnectionEnabled: false, pageLoadStrategy: normal, platform: LINUX, platformName: LINUX, proxy: Proxy(), setWindowRect: true, strictFileInteractability: false, timeouts: {implicit: 0, pageLoad: 300000, script: 30000}, unhandledPromptBehavior: dismiss and notify, webauthn:virtualAuthenticators: true, webdriver.remote.sessionid: 2013e8ebd1de923f4080ff805fd...}
Session ID: 2013e8ebd1de923f4080ff805fdbb413
*** Element info: {Using=xpath, value=//div[contains(@class, 'details__header')]/h4[1]}
at org.openqa.selenium.remote.http.W3CHttpResponseCodec.createException(W3CHttpResponseCodec.java:187)
at org.openqa.selenium.remote.http.W3CHttpResponseCodec.decode(W3CHttpResponseCodec.java:122)
at org.openqa.selenium.remote.http.W3CHttpResponseCodec.decode(W3CHttpResponseCodec.java:49)
at org.openqa.selenium.remote.HttpCommandExecutor.execute(HttpCommandExecutor.java:158)
at org.openqa.selenium.remote.RemoteWebDriver.execute(RemoteWebDriver.java:552)
at org.openqa.selenium.remote.RemoteWebDriver.findElement(RemoteWebDriver.java:323)
at org.openqa.selenium.remote.RemoteWebDriver.findElementByXPath(RemoteWebDriver.java:428)
at org.openqa.selenium.By$ByXPath.findElement(By.java:353)
at org.openqa.selenium.remote.RemoteWebDriver.findElement(RemoteWebDriver.java:315)
at org.openqa.selenium.support.pagefactory.DefaultElementLocator.findElement(DefaultElementLocator.java:69)
at org.openqa.selenium.support.pagefactory.internal.LocatingElementHandler.invoke(LocatingElementHandler.java:38)
at com.sun.proxy.$Proxy9.getAttribute(Unknown Source)
at com.ryanair.webpages.functions.FlightsPage.getOriginCountry(FlightsPage.java:23)
at com.ryanair.tests.FlightsBookingTest.validateFlightDetails(FlightsBookingTest.java:54)
at java.util.ArrayList.forEach(ArrayList.java:1257)
at com.intellij.rt.testng.IDEARemoteTestNG.run(IDEARemoteTestNG.java:66)
at com.intellij.rt.testng.RemoteTestNGStarter.main(RemoteTestNGStarter.java:110)
... Removed 28 stack frames]]>
    </failure>
  </testcase> <!-- validateFlightDetails -->
  <testcase name="selectRegularFlights" time="0.0" classname="com.ryanair.tests.FlightsBookingTest">
    <ignored/>
  </testcase> <!-- selectRegularFlights -->
</testsuite> <!-- FlightsBooking -->
